0 info it worked if it ends with ok
1 verbose cli [ '/usr/local/bin/node',
1 verbose cli   '/usr/local/bin/npm',
1 verbose cli   'install',
1 verbose cli   'v8-profiler' ]
2 info using npm@1.2.17
3 info using node@v0.10.3
4 verbose read json /var/node/map/package.json
5 verbose read json /var/node/map/node_modules/bcrypt/package.json
6 verbose read json /var/node/map/node_modules/connect-mongo/package.json
7 verbose read json /var/node/map/node_modules/express/package.json
8 verbose read json /var/node/map/node_modules/jade/package.json
9 verbose read json /var/node/map/node_modules/mongoose/package.json
10 verbose read json /var/node/map/node_modules/node-monkey/package.json
11 verbose read json /var/node/map/node_modules/node-static/package.json
12 verbose read json /var/node/map/node_modules/socket.io/package.json
13 verbose read json /var/node/map/node_modules/weld/package.json
14 verbose from cache /var/node/map/package.json
15 verbose readDependencies using package.json deps
16 verbose cache add [ 'v8-profiler', null ]
17 verbose cache add name=undefined spec="v8-profiler" args=["v8-profiler",null]
18 verbose parsed url { protocol: null,
18 verbose parsed url   slashes: null,
18 verbose parsed url   auth: null,
18 verbose parsed url   host: null,
18 verbose parsed url   port: null,
18 verbose parsed url   hostname: null,
18 verbose parsed url   hash: null,
18 verbose parsed url   search: null,
18 verbose parsed url   query: null,
18 verbose parsed url   pathname: 'v8-profiler',
18 verbose parsed url   path: 'v8-profiler',
18 verbose parsed url   href: 'v8-profiler' }
19 silly lockFile a12f389f-v8-profiler v8-profiler
20 verbose lock v8-profiler /home/limoragni/.npm/a12f389f-v8-profiler.lock
21 silly lockFile a12f389f-v8-profiler v8-profiler
22 silly lockFile a12f389f-v8-profiler v8-profiler
23 verbose addNamed [ 'v8-profiler', '' ]
24 verbose addNamed [ null, '' ]
25 silly lockFile f875d38f-v8-profiler v8-profiler@
26 verbose lock v8-profiler@ /home/limoragni/.npm/f875d38f-v8-profiler.lock
27 silly addNameRange { name: 'v8-profiler', range: '', hasData: false }
28 verbose registry.get v8-profiler not expired, no request
29 silly addNameRange number 2 { name: 'v8-profiler', range: '', hasData: true }
30 silly addNameRange versions [ 'v8-profiler',
30 silly addNameRange   [ '0.0.1', '0.0.2', '0.0.3', '3.6.2beta', '3.6.2beta2', '3.6.2-1' ] ]
31 verbose addNamed [ 'v8-profiler', '3.6.2-1' ]
32 verbose addNamed [ '3.6.2-1', '3.6.2-1' ]
33 silly lockFile 19e1a1b9-v8-profiler-3-6-2-1 v8-profiler@3.6.2-1
34 verbose lock v8-profiler@3.6.2-1 /home/limoragni/.npm/19e1a1b9-v8-profiler-3-6-2-1.lock
35 verbose read json /home/limoragni/.npm/v8-profiler/3.6.2-1/package/package.json
36 silly lockFile 19e1a1b9-v8-profiler-3-6-2-1 v8-profiler@3.6.2-1
37 silly lockFile 19e1a1b9-v8-profiler-3-6-2-1 v8-profiler@3.6.2-1
38 silly lockFile f875d38f-v8-profiler v8-profiler@
39 silly lockFile f875d38f-v8-profiler v8-profiler@
40 silly resolved [ { name: 'v8-profiler',
40 silly resolved     version: '3.6.2-1',
40 silly resolved     description: 'node bindings for the v8 profiler',
40 silly resolved     homepage: 'http://github.com/dannycoates/v8-profiler',
40 silly resolved     author: { name: 'Danny Coates', email: 'dannycoates@gmail.com' },
40 silly resolved     keywords: [ 'profiler', 'inspector' ],
40 silly resolved     engines: { node: '>=0.6' },
40 silly resolved     main: 'v8-profiler',
40 silly resolved     scripts: { install: 'node-gyp rebuild' },
40 silly resolved     gypfile: true,
40 silly resolved     readme: 'v8-profiler provides [node](http://github.com/ry/node) bindings for the v8 \nprofiler and integration with [node-inspector](http://github.com/dannycoates/node-inspector)\n\n## Installation\n\n    npm install v8-profiler\n\n## Usage\n\n    var profiler = require(\'v8-profiler\');\n\n## API\n\n    var snapshot = profiler.takeSnapshot([name])      //takes a heap snapshot\n\n    profiler.startProfiling([name])                   //begin cpu profiling\n    var cpuProfile = profiler.stopProfiling([name])   //finish cpu profiling\n\n## node-inspector\n\nCpu profiles can be viewed and heap snapshots may be taken and viewed from the\nprofiles panel.\n',
40 silly resolved     readmeFilename: 'readme.md',
40 silly resolved     _id: 'v8-profiler@3.6.2-1',
40 silly resolved     _from: 'v8-profiler@' } ]
41 info install v8-profiler@3.6.2-1 into /var/node/map
42 info installOne v8-profiler@3.6.2-1
43 verbose from cache /home/limoragni/.npm/v8-profiler/3.6.2-1/package/package.json
44 info /var/node/map/node_modules/v8-profiler unbuild
45 verbose read json /var/node/map/node_modules/v8-profiler/package.json
46 verbose tar unpack /home/limoragni/.npm/v8-profiler/3.6.2-1/package.tgz
47 silly lockFile 96626725-ode-map-node-modules-v8-profiler /var/node/map/node_modules/v8-profiler
48 verbose lock /var/node/map/node_modules/v8-profiler /home/limoragni/.npm/96626725-ode-map-node-modules-v8-profiler.lock
49 silly lockFile 627cfc38--v8-profiler-3-6-2-1-package-tgz /home/limoragni/.npm/v8-profiler/3.6.2-1/package.tgz
50 verbose lock /home/limoragni/.npm/v8-profiler/3.6.2-1/package.tgz /home/limoragni/.npm/627cfc38--v8-profiler-3-6-2-1-package-tgz.lock
51 silly gunzTarPerm modes [ '755', '644' ]
52 silly gunzTarPerm extractEntry package.json
53 silly gunzTarPerm extractEntry .npmignore
54 silly gunzTarPerm extractEntry v8-profiler.js
55 silly gunzTarPerm extractEntry profile.cc
56 silly gunzTarPerm extractEntry cpu_profiler.h
57 silly gunzTarPerm extractEntry graph_edge.cc
58 silly gunzTarPerm extractEntry graph_edge.h
59 silly gunzTarPerm extractEntry graph_node.cc
60 silly gunzTarPerm extractEntry graph_node.h
61 silly gunzTarPerm extractEntry heap_profiler.cc
62 silly gunzTarPerm extractEntry heap_profiler.h
63 silly gunzTarPerm extractEntry Makefile
64 silly gunzTarPerm extractEntry cpu_profiler.cc
65 silly gunzTarPerm extractEntry profile.h
66 silly gunzTarPerm extractEntry profile_node.cc
67 silly gunzTarPerm extractEntry profile_node.h
68 silly gunzTarPerm extractEntry profiler.cc
69 silly gunzTarPerm extractEntry readme.md
70 silly gunzTarPerm extractEntry snapshot.cc
71 silly gunzTarPerm extractEntry snapshot.h
72 silly gunzTarPerm extractEntry binding.gyp
73 silly gunzTarPerm extractEntry wscript
74 verbose read json /var/node/map/node_modules/v8-profiler/package.json
75 silly lockFile 96626725-ode-map-node-modules-v8-profiler /var/node/map/node_modules/v8-profiler
76 silly lockFile 96626725-ode-map-node-modules-v8-profiler /var/node/map/node_modules/v8-profiler
77 silly lockFile 627cfc38--v8-profiler-3-6-2-1-package-tgz /home/limoragni/.npm/v8-profiler/3.6.2-1/package.tgz
78 silly lockFile 627cfc38--v8-profiler-3-6-2-1-package-tgz /home/limoragni/.npm/v8-profiler/3.6.2-1/package.tgz
79 info preinstall v8-profiler@3.6.2-1
80 verbose from cache /var/node/map/node_modules/v8-profiler/package.json
81 verbose readDependencies using package.json deps
82 verbose from cache /var/node/map/node_modules/v8-profiler/package.json
83 verbose readDependencies using package.json deps
84 silly resolved []
85 verbose about to build /var/node/map/node_modules/v8-profiler
86 info build /var/node/map/node_modules/v8-profiler
87 verbose from cache /var/node/map/node_modules/v8-profiler/package.json
88 verbose linkStuff [ false, false, false, '/var/node/map/node_modules' ]
89 info linkStuff v8-profiler@3.6.2-1
90 verbose linkBins v8-profiler@3.6.2-1
91 verbose linkMans v8-profiler@3.6.2-1
92 verbose rebuildBundles v8-profiler@3.6.2-1
93 info install v8-profiler@3.6.2-1
94 verbose unsafe-perm in lifecycle false
95 verbose set uid from=0 to=1000
96 silly exec sh "-c" "node-gyp rebuild"
97 silly sh,-c,node-gyp rebuild,/var/node/map/node_modules/v8-profiler spawning
98 info v8-profiler@3.6.2-1 Failed to exec install script
99 info /var/node/map/node_modules/v8-profiler unbuild
100 verbose from cache /var/node/map/node_modules/v8-profiler/package.json
101 info preuninstall v8-profiler@3.6.2-1
102 info uninstall v8-profiler@3.6.2-1
103 verbose true,/var/node/map/node_modules,/var/node/map/node_modules unbuild v8-profiler@3.6.2-1
104 info postuninstall v8-profiler@3.6.2-1
105 error v8-profiler@3.6.2-1 install: `node-gyp rebuild`
105 error `sh "-c" "node-gyp rebuild"` failed with 1
106 error Failed at the v8-profiler@3.6.2-1 install script.
106 error This is most likely a problem with the v8-profiler package,
106 error not with npm itself.
106 error Tell the author that this fails on your system:
106 error     node-gyp rebuild
106 error You can get their info via:
106 error     npm owner ls v8-profiler
106 error There is likely additional logging output above.
107 error System Linux 3.2.0-43-generic
108 error command "/usr/local/bin/node" "/usr/local/bin/npm" "install" "v8-profiler"
109 error cwd /var/node/map
110 error node -v v0.10.3
111 error npm -v 1.2.17
112 error code ELIFECYCLE
113 verbose exit [ 1, true ]
